<?xml version="1.0" encoding="UTF-8"?>
<!-- Generated by org.testng.reporters.JUnitReportReporter -->
<testsuite hostname="MAMUN" failures="0" tests="5" name="com.testng.practice.PracticeTestngMethod" time="0.009" errors="0" timestamp="2023-10-31T11:31:38 EDT" skipped="1">
  <testcase classname="com.testng.practice.PracticeTestngMethod" name="getlogin" time="0.007"/>
  <testcase classname="com.testng.practice.PracticeTestngMethod" name="getdress" time="0.001"/>
  <testcase classname="com.testng.practice.PracticeTestngMethod" name="getcart" time="0.000"/>
  <testcase classname="com.testng.practice.PracticeTestngMethod" name="getplceorder" time="0.001"/>
  <testcase classname="com.testng.practice.PracticeTestngMethod" name="getpayment">
    <skipped/>
  </testcase> <!-- getpayment -->
</testsuite> <!-- com.testng.practice.PracticeTestngMethod -->
