<?xml version="1.0" encoding="UTF-8"?>
<!-- Generated by org.testng.reporters.JUnitReportReporter -->
<testsuite hostname="MAMUN" failures="0" tests="1" name="com.testng.practice.ParameterTestng" time="0.007" errors="0" timestamp="2023-10-31T12:32:06 EDT" skipped="0">
  <testcase classname="com.testng.practice.ParameterTestng" name="practiceparameter" time="0.007"/>
</testsuite> <!-- com.testng.practice.ParameterTestng -->
