<?xml version="1.0" encoding="UTF-8"?>
<!-- Generated by org.testng.reporters.JUnitReportReporter -->
<testsuite hostname="MAMUN" failures="0" tests="1" name="com.testng.practice.PracticeTestngAnnotations" time="0.005" errors="0" timestamp="2023-10-31T01:22:47 EDT" skipped="0">
  <testcase classname="com.testng.practice.PracticeTestngAnnotations" name="test" time="0.005"/>
</testsuite> <!-- com.testng.practice.PracticeTestngAnnotations -->
