<?xml version="1.0" encoding="UTF-8"?>
<!-- Generated by org.testng.reporters.JUnitReportReporter -->
<testsuite hostname="MAMUN" failures="0" tests="9" name="com.testng.practice.PracticeTestngMethod" time="0.008" errors="0" timestamp="2023-11-09T18:50:20 EST" skipped="1">
  <testcase classname="com.testng.practice.PracticeTestngMethod" name="getlogin" time="0.000"/>
  <testcase classname="com.testng.practice.PracticeTestngMethod" name="getlogin" time="0.001"/>
  <testcase classname="com.testng.practice.PracticeTestngMethod" name="getlogin" time="0.004"/>
  <testcase classname="com.testng.practice.PracticeTestngMethod" name="getlogin" time="0.000"/>
  <testcase classname="com.testng.practice.PracticeTestngMethod" name="getlogin" time="0.001"/>
  <testcase classname="com.testng.practice.PracticeTestngMethod" name="getdress" time="0.001"/>
  <testcase classname="com.testng.practice.PracticeTestngMethod" name="getcart" time="0.001"/>
  <testcase classname="com.testng.practice.PracticeTestngMethod" name="getplceorder" time="0.000"/>
  <testcase classname="com.testng.practice.PracticeTestngMethod" name="getpayment">
    <skipped/>
  </testcase> <!-- getpayment -->
</testsuite> <!-- com.testng.practice.PracticeTestngMethod -->
